{"/Users/bitzx/Downloads/Others/WORK/taowajs/src/dessert.ts": {"path":"/Users/bitzx/Downloads/Others/WORK/taowajs/src/dessert.ts","all":false,"statementMap":{"0":{"start":{"line":1,"column":0},"end":{"line":1,"column":16}},"1":{"start":{"line":2,"column":0},"end":{"line":2,"column":23}},"2":{"start":{"line":3,"column":0},"end":{"line":3,"column":39}}},"s":{"0":1,"1":1,"2":1},"branchMap":{"0":{"type":"branch","line":2,"loc":{"start":{"line":2,"column":4},"end":{"line":3,"column":38}},"locations":[{"start":{"line":2,"column":4},"end":{"line":3,"column":38}}]},"1":{"type":"branch","line":3,"loc":{"start":{"line":3,"column":11},"end":{"line":3,"column":34}},"locations":[{"start":{"line":3,"column":11},"end":{"line":3,"column":34}}]}},"b":{"0":[2],"1":[2]},"fnMap":{"0":{"name":"sum","decl":{"start":{"line":2,"column":4},"end":{"line":3,"column":38}},"loc":{"start":{"line":2,"column":4},"end":{"line":3,"column":38}},"line":2}},"f":{"0":2}}
}
